\BOOKMARK [1][-]{section.1}{\376\377\000R\000\351\000s\000u\000m\000\351\000\040\000E\000x\000\351\000c\000u\000t\000i\000f}{}% 1
\BOOKMARK [2][-]{subsection.1.1}{\376\377\000P\000r\000o\000b\000l\000\350\000m\000e}{section.1}% 2
\BOOKMARK [2][-]{subsection.1.2}{\376\377\000S\000o\000l\000u\000t\000i\000o\000n}{section.1}% 3
\BOOKMARK [2][-]{subsection.1.3}{\376\377\000B\000\351\000n\000\351\000f\000i\000c\000e\000s\000\040\000p\000o\000u\000r\000\040\000C\000h\000e\000r\000c\000h\000e\000u\000r\000s\000\040\000e\000t\000\040\000E\000n\000t\000r\000e\000p\000r\000i\000s\000e\000s}{section.1}% 4
\BOOKMARK [3][-]{subsubsection.1.3.1}{\376\377\000P\000o\000u\000r\000\040\000l\000e\000s\000\040\000c\000h\000e\000r\000c\000h\000e\000u\000r\000s}{subsection.1.3}% 5
\BOOKMARK [3][-]{subsubsection.1.3.2}{\376\377\000P\000o\000u\000r\000\040\000l\000e\000s\000\040\000e\000n\000t\000r\000e\000p\000r\000i\000s\000e\000s}{subsection.1.3}% 6
\BOOKMARK [2][-]{subsection.1.4}{\376\377\000V\000e\000r\000s\000\040\000u\000n\000e\000\040\000S\000c\000i\000e\000n\000c\000e\000\040\000O\000u\000v\000e\000r\000t\000e\000\040\000e\000t\000\040\000I\000n\000c\000l\000u\000s\000i\000v\000e}{section.1}% 7
\BOOKMARK [1][-]{section.2}{\376\377\000A\000r\000c\000h\000i\000t\000e\000c\000t\000u\000r\000e\000\040\000T\000e\000c\000h\000n\000i\000q\000u\000e}{}% 8
\BOOKMARK [2][-]{subsection.2.1}{\376\377\000V\000u\000e\000\040\000d\000'\000e\000n\000s\000e\000m\000b\000l\000e}{section.2}% 9
\BOOKMARK [2][-]{subsection.2.2}{\376\377\000C\000o\000m\000p\000o\000s\000a\000n\000t\000s\000\040\000c\000l\000e\000s}{section.2}% 10
\BOOKMARK [3][-]{subsubsection.2.2.1}{\376\377\0001\000.\000\040\000C\000L\000I\000\040\000L\000a\000y\000e\000r}{subsection.2.2}% 11
\BOOKMARK [3][-]{subsubsection.2.2.2}{\376\377\0002\000.\000\040\000T\000o\000o\000l\000\040\000R\000e\000g\000i\000s\000t\000r\000y}{subsection.2.2}% 12
\BOOKMARK [3][-]{subsubsection.2.2.3}{\376\377\0003\000.\000\040\000J\000o\000b\000R\000u\000n\000n\000e\000r\000\040\000I\000n\000t\000e\000r\000f\000a\000c\000e}{subsection.2.2}% 13
\BOOKMARK [3][-]{subsubsection.2.2.4}{\376\377\0004\000.\000\040\000B\000a\000c\000k\000e\000n\000d\000\040\000I\000m\000p\000l\000e\000m\000e\000n\000t\000a\000t\000i\000o\000n\000s}{subsection.2.2}% 14
\BOOKMARK [3][-]{subsubsection.2.2.5}{\376\377\0005\000.\000\040\000S\000c\000r\000i\000p\000t\000\040\000E\000x\000e\000c\000u\000t\000i\000o\000n\000\040\000C\000u\000s\000t\000o\000m}{subsection.2.2}% 15
\BOOKMARK [1][-]{section.3}{\376\377\000W\000o\000r\000k\000f\000l\000o\000w\000\040\000d\000'\000E\000x\000e\000c\000u\000t\000i\000o\000n}{}% 16
\BOOKMARK [2][-]{subsection.3.1}{\376\377\000F\000l\000u\000x\000\040\000d\000'\000u\000n\000e\000\040\000c\000o\000m\000m\000a\000n\000d\000e\000\040\000h\000p\000c\000\040\000r\000u\000n}{section.3}% 17
\BOOKMARK [1][-]{section.4}{\376\377\000C\000a\000s\000\040\000d\000'\000U\000s\000a\000g\000e\000\040\000C\000i\000b\000l\000e\000s}{}% 18
\BOOKMARK [2][-]{subsection.4.1}{\376\377\000B\000i\000o\000i\000n\000f\000o\000r\000m\000a\000t\000i\000q\000u\000e}{section.4}% 19
\BOOKMARK [3][-]{subsubsection.4.1.1}{\376\377\000A\000n\000a\000l\000y\000s\000e\000\040\000s\000e\000q\000u\000e\000n\000c\000e\000s\000\040\000\050\000C\000N\000E\000S\000,\000\040\000U\000n\000i\000v\000e\000r\000s\000i\000t\000e\000s\000\051}{subsection.4.1}% 20
\BOOKMARK [3][-]{subsubsection.4.1.2}{\376\377\000B\000L\000A\000S\000T\000\040\000/\000\040\000a\000l\000i\000g\000n\000m\000e\000n\000t\000\040\000\050\000B\000i\000o\000t\000e\000c\000h\000,\000\040\000U\000n\000i\000v\000e\000r\000s\000i\000t\000e\000\051}{subsection.4.1}% 21
\BOOKMARK [2][-]{subsection.4.2}{\376\377\000G\000e\000o\000s\000p\000a\000t\000i\000a\000l}{section.4}% 22
\BOOKMARK [3][-]{subsubsection.4.2.1}{\376\377\000T\000r\000a\000i\000t\000e\000m\000e\000n\000t\000\040\000r\000a\000s\000t\000e\000r\000s\000\040\000D\000E\000M\000\040\000\050\000C\000N\000E\000S\000,\000\040\000C\000M\000A\000\040\000C\000G\000M\000\040\000l\000o\000g\000i\000s\000t\000i\000c\000s\000\051}{subsection.4.2}% 23
\BOOKMARK [2][-]{subsection.4.3}{\376\377\000S\000c\000r\000i\000p\000t\000s\000\040\000C\000u\000s\000t\000o\000m}{section.4}% 24
\BOOKMARK [3][-]{subsubsection.4.3.1}{\376\377\000A\000n\000a\000l\000y\000s\000e\000\040\000d\000o\000n\000n\000e\000e\000s\000\040\000p\000r\000o\000p\000r\000i\000e\000t\000a\000i\000r\000e\000s}{subsection.4.3}% 25
\BOOKMARK [1][-]{section.5}{\376\377\000A\000k\000a\000s\000h\000\040\000N\000e\000t\000w\000o\000r\000k\000\040\000:\000\040\000P\000r\000e\000m\000i\000e\000r\000\040\000B\000a\000c\000k\000e\000n\000d\000\040\000e\000t\000\040\000S\000t\000r\000a\000t\000e\000g\000i\000e\000\040\000M\000u\000l\000t\000i\000-\000C\000l\000o\000u\000d}{}% 26
\BOOKMARK [2][-]{subsection.5.1}{\376\377\000Q\000u\000'\000e\000s\000t\000-\000c\000e\000\040\000q\000u\000'\000A\000k\000a\000s\000h\000\040\000N\000e\000t\000w\000o\000r\000k\000\040\000?}{section.5}% 27
\BOOKMARK [2][-]{subsection.5.2}{\376\377\000P\000o\000u\000r\000q\000u\000o\000i\000\040\000A\000k\000a\000s\000h\000\040\000N\000e\000t\000w\000o\000r\000k\000\040\000?}{section.5}% 28
\BOOKMARK [3][-]{subsubsection.5.2.1}{\376\377\000A\000v\000a\000n\000t\000a\000g\000e\000s\000\040\000d\000i\000s\000t\000i\000n\000c\000t\000i\000f\000s}{subsection.5.2}% 29
\BOOKMARK [2][-]{subsection.5.3}{\376\377\000L\000i\000m\000i\000t\000a\000t\000i\000o\000n\000s\000\040\000a\000c\000t\000u\000e\000l\000l\000e\000s\000\040\000d\000'\000A\000k\000a\000s\000h\000\040\000e\000t\000\040\000t\000r\000a\000j\000e\000c\000t\000o\000i\000r\000e}{section.5}% 30
\BOOKMARK [3][-]{subsubsection.5.3.1}{\376\377\000L\000i\000m\000i\000t\000a\000t\000i\000o\000n\000s\000\040\000p\000r\000e\000s\000e\000n\000t\000e\000s}{subsection.5.3}% 31
\BOOKMARK [3][-]{subsubsection.5.3.2}{\376\377\000D\000e\000v\000e\000l\000o\000p\000p\000e\000m\000e\000n\000t\000s\000\040\000p\000l\000a\000n\000i\000f\000i\000e\000s\000\040\000A\000k\000a\000s\000h\000\040\000\050\000r\000o\000a\000d\000m\000a\000p\000\040\0002\0000\0002\0004\000-\0002\0000\0002\0005\000\051}{subsection.5.3}% 32
\BOOKMARK [2][-]{subsection.5.4}{\376\377\000S\000t\000r\000a\000t\000e\000g\000i\000e\000\040\000M\000u\000l\000t\000i\000-\000C\000l\000o\000u\000d\000\040\000e\000t\000\040\000S\000e\000l\000e\000c\000t\000i\000o\000n\000\040\000B\000a\000c\000k\000e\000n\000d}{section.5}% 33
\BOOKMARK [3][-]{subsubsection.5.4.1}{\376\377\000S\000e\000l\000e\000c\000t\000i\000o\000n\000\040\000B\000a\000c\000k\000e\000n\000d\000\040\000:\000\040\000P\000a\000r\000\040\000c\000o\000m\000m\000a\000n\000d\000e}{subsection.5.4}% 34
\BOOKMARK [3][-]{subsubsection.5.4.2}{\376\377\000S\000e\000l\000e\000c\000t\000i\000o\000n\000\040\000B\000a\000c\000k\000e\000n\000d\000\040\000:\000\040\000P\000a\000r\000\040\000p\000r\000o\000f\000i\000l\000\040\000u\000t\000i\000l\000i\000s\000a\000t\000e\000u\000r}{subsection.5.4}% 35
\BOOKMARK [3][-]{subsubsection.5.4.3}{\376\377\000B\000a\000c\000k\000e\000n\000d\000s\000\040\000p\000l\000a\000n\000i\000f\000i\000e\000s}{subsection.5.4}% 36
\BOOKMARK [2][-]{subsection.5.5}{\376\377\000C\000a\000s\000\040\000d\000'\000u\000s\000a\000g\000e\000\040\000p\000a\000r\000\040\000b\000a\000c\000k\000e\000n\000d}{section.5}% 37
\BOOKMARK [3][-]{subsubsection.5.5.1}{\376\377\000A\000k\000a\000s\000h\000\040\000:\000\040\000J\000o\000b\000s\000\040\000s\000c\000i\000e\000n\000t\000i\000f\000i\000q\000u\000e\000s\000\040\000s\000t\000a\000n\000d\000a\000r\000d\000s}{subsection.5.5}% 38
\BOOKMARK [3][-]{subsubsection.5.5.2}{\376\377\000H\000P\000C\000\040\000T\000r\000a\000d\000i\000t\000i\000o\000n\000n\000e\000l\000\040\000\050\000S\000l\000u\000r\000m\000\051\000\040\000:\000\040\000I\000n\000s\000t\000i\000t\000u\000t\000i\000o\000n\000s}{subsection.5.5}% 39
\BOOKMARK [3][-]{subsubsection.5.5.3}{\376\377\000S\000e\000c\000N\000u\000m\000C\000l\000o\000u\000d\000\040\000:\000\040\000D\000o\000n\000n\000e\000e\000s\000\040\000f\000r\000a\000n\000c\000a\000i\000s\000e\000s\000\040\000r\000e\000g\000u\000l\000e\000e\000s}{subsection.5.5}% 40
\BOOKMARK [1][-]{section.6}{\376\377\000M\000o\000d\000e\000l\000e\000\040\000E\000c\000o\000n\000o\000m\000i\000q\000u\000e}{}% 41
\BOOKMARK [2][-]{subsection.6.1}{\376\377\000C\000L\000I\000\040\000O\000p\000e\000n\000-\000S\000o\000u\000r\000c\000e\000\040\000\050\000G\000r\000a\000t\000u\000i\000t\000\051}{section.6}% 42
\BOOKMARK [2][-]{subsection.6.2}{\376\377\000S\000e\000r\000v\000i\000c\000e\000\040\000M\000a\000n\000a\000g\000e\000\040\000\050\000P\000a\000y\000a\000n\000t\000\040\000/\000\040\000S\000a\000a\000S\000\051}{section.6}% 43
\BOOKMARK [1][-]{section.7}{\376\377\000S\000t\000a\000t\000u\000t\000\040\000e\000t\000\040\000R\000o\000a\000d\000m\000a\000p}{}% 44
\BOOKMARK [2][-]{subsection.7.1}{\376\377\000P\000h\000a\000s\000e\000\040\0001\000\040\040\024\000\040\000M\000V\000P\000\040\000/\000\040\000P\000O\000C\000\040\000\050\000E\000n\000\040\000c\000o\000u\000r\000s\000\051}{section.7}% 45
\BOOKMARK [2][-]{subsection.7.2}{\376\377\000P\000h\000a\000s\000e\000\040\0002\000\040\040\024\000\040\000H\000a\000r\000d\000e\000n\000i\000n\000g\000\040\000e\000t\000\040\000M\000u\000l\000t\000i\000-\000C\000l\000o\000u\000d}{section.7}% 46
\BOOKMARK [2][-]{subsection.7.3}{\376\377\000P\000h\000a\000s\000e\000\040\0003\000\040\040\024\000\040\000M\000a\000n\000a\000g\000e\000d\000\040\000L\000a\000y\000e\000r\000\040\000e\000t\000\040\000M\000u\000l\000t\000i\000-\000C\000l\000o\000u\000d}{section.7}% 47
\BOOKMARK [1][-]{section.8}{\376\377\000A\000v\000a\000n\000t\000a\000g\000e\000s\000\040\000C\000o\000m\000p\000e\000t\000i\000t\000i\000f\000s}{}% 48
\BOOKMARK [1][-]{section.9}{\376\377\000I\000m\000p\000a\000c\000t\000\040\000p\000o\000u\000r\000\040\000l\000e\000s\000\040\000A\000c\000t\000e\000u\000r\000s\000\040\000C\000i\000b\000l\000e\000s}{}% 49
\BOOKMARK [2][-]{subsection.9.1}{\376\377\000C\000N\000E\000S\000\040\000\050\000C\000e\000n\000t\000r\000e\000\040\000N\000a\000t\000i\000o\000n\000a\000l\000\040\000E\000t\000u\000d\000e\000s\000\040\000S\000p\000a\000t\000i\000a\000l\000e\000s\000\051}{section.9}% 50
\BOOKMARK [2][-]{subsection.9.2}{\376\377\000A\000i\000x\000-\000M\000a\000r\000s\000e\000i\000l\000l\000e\000\040\000U\000n\000i\000v\000e\000r\000s\000i\000t\000e}{section.9}% 51
\BOOKMARK [2][-]{subsection.9.3}{\376\377\000C\000M\000A\000\040\000C\000G\000M\000\040\000\050\000L\000o\000g\000i\000s\000t\000i\000q\000u\000e\000\040\000M\000a\000r\000i\000t\000i\000m\000e\000\051}{section.9}% 52
\BOOKMARK [2][-]{subsection.9.4}{\376\377\000A\000k\000a\000s\000h\000\040\000N\000e\000t\000w\000o\000r\000k}{section.9}% 53
\BOOKMARK [1][-]{section.10}{\376\377\000R\000i\000s\000q\000u\000e\000s\000\040\000e\000t\000\040\000M\000i\000t\000i\000g\000a\000t\000i\000o\000n}{}% 54
\BOOKMARK [1][-]{section.11}{\376\377\000C\000o\000n\000c\000l\000u\000s\000i\000o\000n}{}% 55
\BOOKMARK [2][-]{subsection.11.1}{\376\377\000F\000o\000r\000c\000e\000s\000\040\000c\000l\000e\000s}{section.11}% 56
\BOOKMARK [2][-]{subsection.11.2}{\376\377\000P\000r\000o\000c\000h\000a\000i\000n\000e\000s\000\040\000e\000t\000a\000p\000e\000s}{section.11}% 57
\BOOKMARK [1][-]{appendix.A}{\376\377\000G\000l\000o\000s\000s\000a\000i\000r\000e\000\040\000T\000e\000c\000h\000n\000i\000q\000u\000e}{}% 58
\BOOKMARK [1][-]{appendix.B}{\376\377\000R\000e\000f\000e\000r\000e\000n\000c\000e\000s}{}% 59
